<?xml version="1.0" encoding="UTF-8"?>
<!-- Generated by org.testng.reporters.JUnitXMLReporter -->
<testsuite ignored="3" hostname="Vicky" failures="0" tests="1" name="Test" time="268.802" errors="0" timestamp="2020-10-15T17:13:21 IST">
  <testcase classname="TestCases.Login_Logout" name="CreateAnAppWithNumbersControl" time="265.514"/>
  <testcase classname="TestCases.Login_Logout" name="Login" time="0.0">
    <ignored/>
  </testcase> <!-- Login -->
  <testcase classname="TestCases.Login_Logout" name="Login_Logout" time="0.0">
    <ignored/>
  </testcase> <!-- Login_Logout -->
  <testcase classname="TestCases.Login_Logout" name="CreateAnAppWithTextControls" time="0.0">
    <ignored/>
  </testcase> <!-- CreateAnAppWithTextControls -->
</testsuite> <!-- Test -->
