<?xml version="1.0" encoding="UTF-8"?>
<!-- Generated by org.testng.reporters.JUnitXMLReporter -->
<testsuite ignored="5" hostname="Vicky" failures="0" tests="1" name="Test" time="159.806" errors="0" timestamp="2020-10-21T16:26:39 IST">
  <testcase classname="TestCases.Login_Logout" name="CreateAnAppWithProgressControl" time="154.86"/>
  <testcase classname="TestCases.Login_Logout" name="CreateAnAppWithReference" time="0.0">
    <ignored/>
  </testcase> <!-- CreateAnAppWithReference -->
  <testcase classname="TestCases.Login_Logout" name="CreateAnAppWithNumbersControl" time="0.0">
    <ignored/>
  </testcase> <!-- CreateAnAppWithNumbersControl -->
  <testcase classname="TestCases.Login_Logout" name="CreateAnAppWithADependents" time="0.0">
    <ignored/>
  </testcase> <!-- CreateAnAppWithADependents -->
  <testcase classname="TestCases.Login_Logout" name="CreateAnAppWithACategoryControls" time="0.0">
    <ignored/>
  </testcase> <!-- CreateAnAppWithACategoryControls -->
  <testcase classname="TestCases.Login_Logout" name="CreateAnAppWithTextControls" time="0.0">
    <ignored/>
  </testcase> <!-- CreateAnAppWithTextControls -->
</testsuite> <!-- Test -->
