<?xml version="1.0" encoding="UTF-8"?>
<testng-results ignored="3" total="4" passed="1" failed="0" skipped="0">
  <reporter-output>
  </reporter-output>
  <suite started-at="2020-10-15T17:08:52 IST" name="Suite" finished-at="2020-10-15T17:13:21 IST" duration-ms="268802">
    <groups>
    </groups>
    <test started-at="2020-10-15T17:08:52 IST" name="Test" finished-at="2020-10-15T17:13:21 IST" duration-ms="268802">
      <class name="TestCases.Login_Logout">
        <test-method signature="CreateAnAppWithNumbersControl()[pri:4, instance:TestCases.Login_Logout@7d4f9aae]" started-at="2020-10-15T17:08:54 IST" name="CreateAnAppWithNumbersControl" finished-at="2020-10-15T17:13:19 IST" duration-ms="265514" status="PASS">
          <reporter-output>
          </reporter-output>
        </test-method> <!-- CreateAnAppWithNumbersControl -->
      </class> <!-- TestCases.Login_Logout -->
    </test> <!-- Test -->
  </suite> <!-- Suite -->
</testng-results>
